2020-04-15 11:05:24,089 [INFO] [main] com.zhangym.SpringbootApplication [StartupInfoLogger.java : 50] Starting SpringbootApplication on ym1ng-PC with PID 10044 (D:\zhangym-parent\zhangym-web\target\classes started by 107 in D:\zhangym-parent)
2020-04-15 11:05:24,175 [INFO] [main] com.zhangym.SpringbootApplication [SpringApplication.java : 658] The following profiles are active: dev
2020-04-15 11:05:24,583 [INFO] [main] o.s.b.w.s.c.AnnotationConfigServletWebServerApplicationContext [AbstractApplicationContext.java : 588] Refreshing org.springframework.boot.web.servlet.context.AnnotationConfigServletWebServerApplicationContext@4d5d943d: startup date [Wed Apr 15 11:05:24 CST 2020]; root of context hierarchy
2020-04-15 11:05:28,470 [WARN] [main] org.mybatis.spring.mapper.ClassPathMapperScanner [ClassPathMapperScanner.java : 166] No MyBatis mapper was found in '[com.zhangym.mapper.*.mapper*]' package. Please check your configuration.
2020-04-15 11:05:29,291 [INFO] [main] o.s.data.repository.config.RepositoryConfigurationDelegate [RepositoryConfigurationDelegate.java : 172] Multiple Spring Data modules found, entering strict repository configuration mode!
2020-04-15 11:05:30,754 [INFO] [main] o.s.c.s.PostProcessorRegistrationDelegate$BeanPostProcessorChecker [PostProcessorRegistrationDelegate.java : 326] Bean 'transactionalConfig' of type [com.zhangym.config.TransactionalConfig$$EnhancerBySpringCGLIB$$2ce8bd0c] is not eligible for getting processed by all BeanPostProcessors (for example: not eligible for auto-proxying)
2020-04-15 11:05:30,910 [INFO] [main] o.s.c.s.PostProcessorRegistrationDelegate$BeanPostProcessorChecker [PostProcessorRegistrationDelegate.java : 326] Bean 'org.springframework.boot.context.properties.ConversionServiceDeducer$Factory' of type [org.springframework.boot.context.properties.ConversionServiceDeducer$Factory] is not eligible for getting processed by all BeanPostProcessors (for example: not eligible for auto-proxying)
2020-04-15 11:05:31,087 [INFO] [main] o.s.c.s.PostProcessorRegistrationDelegate$BeanPostProcessorChecker [PostProcessorRegistrationDelegate.java : 326] Bean 'spring.redis-org.springframework.boot.autoconfigure.data.redis.RedisProperties' of type [org.springframework.boot.autoconfigure.data.redis.RedisProperties] is not eligible for getting processed by all BeanPostProcessors (for example: not eligible for auto-proxying)
2020-04-15 11:05:31,100 [INFO] [main] o.s.c.s.PostProcessorRegistrationDelegate$BeanPostProcessorChecker [PostProcessorRegistrationDelegate.java : 326] Bean 'org.springframework.boot.autoconfigure.data.redis.JedisConnectionConfiguration' of type [org.springframework.boot.autoconfigure.data.redis.JedisConnectionConfiguration$$EnhancerBySpringCGLIB$$80c67862] is not eligible for getting processed by all BeanPostProcessors (for example: not eligible for auto-proxying)
2020-04-15 11:05:31,361 [INFO] [main] o.s.c.s.PostProcessorRegistrationDelegate$BeanPostProcessorChecker [PostProcessorRegistrationDelegate.java : 326] Bean 'redisConnectionFactory' of type [org.springframework.data.redis.connection.jedis.JedisConnectionFactory] is not eligible for getting processed by all BeanPostProcessors (for example: not eligible for auto-proxying)
2020-04-15 11:05:31,370 [INFO] [main] o.s.c.s.PostProcessorRegistrationDelegate$BeanPostProcessorChecker [PostProcessorRegistrationDelegate.java : 326] Bean 'redisConfig' of type [com.zhangym.config.RedisConfig$$EnhancerBySpringCGLIB$$5ee5a8be] is not eligible for getting processed by all BeanPostProcessors (for example: not eligible for auto-proxying)
2020-04-15 11:05:31,481 [INFO] [main] o.s.c.s.PostProcessorRegistrationDelegate$BeanPostProcessorChecker [PostProcessorRegistrationDelegate.java : 326] Bean 'cacheManager' of type [org.springframework.data.redis.cache.RedisCacheManager] is not eligible for getting processed by all BeanPostProcessors (for example: not eligible for auto-proxying)
2020-04-15 11:05:31,487 [INFO] [main] o.s.c.s.PostProcessorRegistrationDelegate$BeanPostProcessorChecker [PostProcessorRegistrationDelegate.java : 326] Bean 'wiselyKeyGenerator' of type [com.zhangym.config.RedisConfig$1] is not eligible for getting processed by all BeanPostProcessors (for example: not eligible for auto-proxying)
2020-04-15 11:05:31,695 [INFO] [main] o.s.c.s.PostProcessorRegistrationDelegate$BeanPostProcessorChecker [PostProcessorRegistrationDelegate.java : 326] Bean 'org.springframework.transaction.annotation.ProxyTransactionManagementConfiguration' of type [org.springframework.transaction.annotation.ProxyTransactionManagementConfiguration$$EnhancerBySpringCGLIB$$df8ac6cd] is not eligible for getting processed by all BeanPostProcessors (for example: not eligible for auto-proxying)
2020-04-15 11:05:31,866 [INFO] [main] o.s.c.s.PostProcessorRegistrationDelegate$BeanPostProcessorChecker [PostProcessorRegistrationDelegate.java : 326] Bean 'org.springframework.hateoas.config.HateoasConfiguration' of type [org.springframework.hateoas.config.HateoasConfiguration$$EnhancerBySpringCGLIB$$5f0b13ff] is not eligible for getting processed by all BeanPostProcessors (for example: not eligible for auto-proxying)
2020-04-15 11:05:32,677 [ERROR] [main] org.apache.catalina.core.AprLifecycleListener [DirectJDKLog.java : 180] An incompatible version [1.2.12] of the APR based Apache Tomcat Native library is installed, while Tomcat requires version [1.2.14]
2020-04-15 11:05:33,142 [INFO] [main] org.springframework.boot.web.embedded.tomcat.TomcatWebServer [TomcatWebServer.java : 91] Tomcat initialized with port(s): 8081 (http)
2020-04-15 11:05:33,225 [ERROR] [main] org.apache.catalina.core.AprLifecycleListener [DirectJDKLog.java : 180] An incompatible version [1.2.12] of the APR based Apache Tomcat Native library is installed, while Tomcat requires version [1.2.14]
2020-04-15 11:05:33,258 [INFO] [main] org.apache.catalina.core.StandardService [DirectJDKLog.java : 180] Starting service [Tomcat]
2020-04-15 11:05:33,259 [INFO] [main] org.apache.catalina.core.StandardEngine [DirectJDKLog.java : 180] Starting Servlet Engine: Apache Tomcat/8.5.34
2020-04-15 11:05:33,305 [ERROR] [localhost-startStop-1] org.apache.catalina.core.AprLifecycleListener [DirectJDKLog.java : 180] An incompatible version [1.2.12] of the APR based Apache Tomcat Native library is installed, while Tomcat requires version [1.2.14]
2020-04-15 11:05:33,560 [INFO] [localhost-startStop-1] o.a.c.core.ContainerBase.[Tomcat].[localhost].[/api/v1] [DirectJDKLog.java : 180] Initializing Spring embedded WebApplicationContext
2020-04-15 11:05:33,561 [INFO] [localhost-startStop-1] org.springframework.web.context.ContextLoader [ServletWebServerApplicationContext.java : 285] Root WebApplicationContext: initialization completed in 8978 ms
2020-04-15 11:05:33,812 [INFO] [localhost-startStop-1] org.springframework.boot.web.servlet.ServletRegistrationBean [ServletRegistrationBean.java : 187] Servlet statViewServlet mapped to [/druid/*]
2020-04-15 11:05:33,814 [INFO] [localhost-startStop-1] org.springframework.boot.web.servlet.ServletRegistrationBean [ServletRegistrationBean.java : 187] Servlet dispatcherServlet mapped to [/]
2020-04-15 11:05:33,827 [INFO] [localhost-startStop-1] org.springframework.boot.web.servlet.FilterRegistrationBean [AbstractFilterRegistrationBean.java : 245] Mapping filter: 'characterEncodingFilter' to: [/*]
2020-04-15 11:05:33,828 [INFO] [localhost-startStop-1] org.springframework.boot.web.servlet.FilterRegistrationBean [AbstractFilterRegistrationBean.java : 245] Mapping filter: 'hiddenHttpMethodFilter' to: [/*]
2020-04-15 11:05:33,828 [INFO] [localhost-startStop-1] org.springframework.boot.web.servlet.FilterRegistrationBean [AbstractFilterRegistrationBean.java : 245] Mapping filter: 'httpPutFormContentFilter' to: [/*]
2020-04-15 11:05:33,828 [INFO] [localhost-startStop-1] org.springframework.boot.web.servlet.FilterRegistrationBean [AbstractFilterRegistrationBean.java : 245] Mapping filter: 'requestContextFilter' to: [/*]
2020-04-15 11:05:33,828 [INFO] [localhost-startStop-1] org.springframework.boot.web.servlet.FilterRegistrationBean [AbstractFilterRegistrationBean.java : 258] Mapping filter: 'druidWebStatFilter' to urls: [/*]
2020-04-15 11:05:34,343 [ERROR] [main] com.alibaba.druid.filter.FilterManager [FilterManager.java : 136] load filter error, filter not found : logback
2020-04-15 11:05:35,089 [INFO] [main] com.alibaba.druid.pool.DruidDataSource [DruidDataSource.java : 932] {dataSource-1} inited
2020-04-15 11:05:36,739 [INFO] [main] o.s.w.s.mvc.method.annotation.RequestMappingHandlerMapping [AbstractHandlerMethodMapping.java : 549] Mapped "{[/admin/register],methods=[POST]}" onto public com.zhangym.config.ResponseModel com.zhangym.controller.LoginController.register(com.alibaba.fastjson.JSONObject,com.zhangym.entity.User) throws java.lang.Exception
2020-04-15 11:05:36,740 [INFO] [main] o.s.w.s.mvc.method.annotation.RequestMappingHandlerMapping [AbstractHandlerMethodMapping.java : 549] Mapped "{[/login],methods=[POST]}" onto public com.zhangym.config.ResponseModel<java.util.Map<java.lang.String, java.lang.Object>> com.zhangym.controller.LoginController.login(com.alibaba.fastjson.JSONObject) throws java.lang.Exception
2020-04-15 11:05:36,741 [INFO] [main] o.s.w.s.mvc.method.annotation.RequestMappingHandlerMapping [AbstractHandlerMethodMapping.java : 549] Mapped "{[/v2/api-docs],methods=[GET]}" onto public org.springframework.http.ResponseEntity<springfox.documentation.spring.web.json.Json> springfox.documentation.swagger2.web.Swagger2Controller.getDocumentation(java.lang.String)
2020-04-15 11:05:36,744 [INFO] [main] o.s.w.s.mvc.method.annotation.RequestMappingHandlerMapping [AbstractHandlerMethodMapping.java : 549] Mapped "{[/configuration/security]}" onto org.springframework.http.ResponseEntity<springfox.documentation.swagger.web.SecurityConfiguration> springfox.documentation.swagger.web.ApiResourceController.securityConfiguration()
2020-04-15 11:05:36,745 [INFO] [main] o.s.w.s.mvc.method.annotation.RequestMappingHandlerMapping [AbstractHandlerMethodMapping.java : 549] Mapped "{[/swagger-resources]}" onto org.springframework.http.ResponseEntity<java.util.List<springfox.documentation.swagger.web.SwaggerResource>> springfox.documentation.swagger.web.ApiResourceController.swaggerResources()
2020-04-15 11:05:36,745 [INFO] [main] o.s.w.s.mvc.method.annotation.RequestMappingHandlerMapping [AbstractHandlerMethodMapping.java : 549] Mapped "{[/configuration/ui]}" onto org.springframework.http.ResponseEntity<springfox.documentation.swagger.web.UiConfiguration> springfox.documentation.swagger.web.ApiResourceController.uiConfiguration()
2020-04-15 11:05:36,748 [INFO] [main] o.s.w.s.mvc.method.annotation.RequestMappingHandlerMapping [AbstractHandlerMethodMapping.java : 549] Mapped "{[/error]}" onto public org.springframework.http.ResponseEntity<java.util.Map<java.lang.String, java.lang.Object>> org.springframework.boot.autoconfigure.web.servlet.error.BasicErrorController.error(javax.servlet.http.HttpServletRequest)
2020-04-15 11:05:36,749 [INFO] [main] o.s.w.s.mvc.method.annotation.RequestMappingHandlerMapping [AbstractHandlerMethodMapping.java : 549] Mapped "{[/error],produces=[text/html]}" onto public org.springframework.web.servlet.ModelAndView org.springframework.boot.autoconfigure.web.servlet.error.BasicErrorController.errorHtml(javax.servlet.http.HttpServletRequest,javax.servlet.http.HttpServletResponse)
2020-04-15 11:05:36,932 [INFO] [main] o.s.scheduling.concurrent.ThreadPoolTaskExecutor [ExecutorConfigurationSupport.java : 171] Initializing ExecutorService 'taskExecutor'
2020-04-15 11:05:37,564 [INFO] [main] o.s.web.servlet.handler.SimpleUrlHandlerMapping [AbstractUrlHandlerMapping.java : 373] Mapped URL path [/**/favicon.ico] onto handler of type [class org.springframework.web.servlet.resource.ResourceHttpRequestHandler]
2020-04-15 11:05:38,440 [INFO] [main] o.s.w.s.mvc.method.annotation.RequestMappingHandlerAdapter [RequestMappingHandlerAdapter.java : 588] Looking for @ControllerAdvice: org.springframework.boot.web.servlet.context.AnnotationConfigServletWebServerApplicationContext@4d5d943d: startup date [Wed Apr 15 11:05:24 CST 2020]; root of context hierarchy
2020-04-15 11:05:38,447 [INFO] [main] o.s.w.s.mvc.method.annotation.RequestMappingHandlerAdapter [RequestMappingHandlerAdapter.java : 605] Detected @ModelAttribute methods in allControllerAdvice
2020-04-15 11:05:38,447 [INFO] [main] o.s.w.s.mvc.method.annotation.RequestMappingHandlerAdapter [RequestMappingHandlerAdapter.java : 612] Detected @InitBinder methods in allControllerAdvice
2020-04-15 11:05:38,690 [INFO] [main] o.s.web.servlet.handler.SimpleUrlHandlerMapping [AbstractUrlHandlerMapping.java : 373] Mapped URL path [/webjars/**] onto handler of type [class org.springframework.web.servlet.resource.ResourceHttpRequestHandler]
2020-04-15 11:05:38,691 [INFO] [main] o.s.web.servlet.handler.SimpleUrlHandlerMapping [AbstractUrlHandlerMapping.java : 373] Mapped URL path [/**] onto handler of type [class org.springframework.web.servlet.resource.ResourceHttpRequestHandler]
2020-04-15 11:05:38,712 [INFO] [main] o.s.w.s.m.m.annotation.ExceptionHandlerExceptionResolver [ExceptionHandlerExceptionResolver.java : 288] Detected @ExceptionHandler methods in allControllerAdvice
2020-04-15 11:05:42,448 [INFO] [main] o.s.jmx.export.annotation.AnnotationMBeanExporter [MBeanExporter.java : 433] Registering beans for JMX exposure on startup
2020-04-15 11:05:42,449 [INFO] [main] o.s.jmx.export.annotation.AnnotationMBeanExporter [MBeanExporter.java : 895] Bean with name 'dataSource' has been autodetected for JMX exposure
2020-04-15 11:05:42,455 [INFO] [main] o.s.jmx.export.annotation.AnnotationMBeanExporter [MBeanExporter.java : 668] Located MBean 'dataSource': registering with JMX server as MBean [com.alibaba.druid.pool:name=dataSource,type=DruidDataSource]
2020-04-15 11:05:42,465 [INFO] [main] s.d.spring.web.plugins.DocumentationPluginsBootstrapper [DocumentationPluginsBootstrapper.java : 80] Context refreshed
2020-04-15 11:05:42,520 [INFO] [main] s.d.spring.web.plugins.DocumentationPluginsBootstrapper [DocumentationPluginsBootstrapper.java : 83] Found {0} custom documentation plugin(s)
2020-04-15 11:05:42,530 [INFO] [main] s.d.spring.web.scanners.ApiListingReferenceScanner [ApiListingReferenceScanner.java : 53] Scanning for api listing references
2020-04-15 11:05:42,535 [INFO] [main] s.d.swagger.web.ClassOrApiAnnotationResourceGrouping [ClassOrApiAnnotationResourceGrouping.java : 100] Group for method register was login-controller
2020-04-15 11:05:42,544 [INFO] [main] s.d.spring.web.scanners.ApiListingReferenceScanner [ApiListingReferenceScanner.java : 72] Request mapping: register belongs to groups: [[ResourceGroup{groupName='login-controller', position=0, controller=com.zhangym.controller.LoginController}]] 
2020-04-15 11:05:42,546 [INFO] [main] s.d.swagger.web.ClassOrApiAnnotationResourceGrouping [ClassOrApiAnnotationResourceGrouping.java : 100] Group for method login was login-controller
2020-04-15 11:05:42,547 [INFO] [main] s.d.spring.web.scanners.ApiListingReferenceScanner [ApiListingReferenceScanner.java : 72] Request mapping: login belongs to groups: [[ResourceGroup{groupName='login-controller', position=0, controller=com.zhangym.controller.LoginController}]] 
2020-04-15 11:05:42,550 [INFO] [main] s.d.spring.web.scanners.ApiListingReferenceScanner [ApiListingReferenceScanner.java : 84] Created resource listing Path: /v1/login-controller Description: login-controller Position: 0
2020-04-15 11:05:42,595 [INFO] [main] springfox.documentation.schema.ModelContextKeyGenerator [ModelContextKeyGenerator.java : 46] Cache Key Generated: com.alibaba.fastjson.JSONObject(false)
2020-04-15 11:05:42,595 [INFO] [main] springfox.documentation.spring.web.caching.CachingAspect [CachingAspect.java : 79] Caching aspect applied for cache models with key com.alibaba.fastjson.JSONObject(false)
2020-04-15 11:05:42,601 [INFO] [main] springfox.documentation.schema.ModelContextKeyGenerator [ModelContextKeyGenerator.java : 46] Cache Key Generated: com.alibaba.fastjson.JSONObject(false)
2020-04-15 11:05:42,601 [INFO] [main] springfox.documentation.spring.web.caching.CachingAspect [CachingAspect.java : 79] Caching aspect applied for cache modelDependencies with key com.alibaba.fastjson.JSONObject(false)
2020-04-15 11:05:42,609 [INFO] [main] s.documentation.schema.property.ModelPropertiesKeyGenerator [ModelPropertiesKeyGenerator.java : 48] Cache key generated: com.alibaba.fastjson.JSONObject(false)
2020-04-15 11:05:42,609 [INFO] [main] springfox.documentation.spring.web.caching.CachingAspect [CachingAspect.java : 68] Caching aspect applied for cache modelProperties with key com.alibaba.fastjson.JSONObject(false)
2020-04-15 11:05:42,652 [INFO] [main] springfox.documentation.schema.ModelContextKeyGenerator [ModelContextKeyGenerator.java : 46] Cache Key Generated: com.zhangym.config.ResponseModel<java.util.Map<java.lang.String,java.lang.Object>>(true)
2020-04-15 11:05:42,652 [INFO] [main] springfox.documentation.spring.web.caching.CachingAspect [CachingAspect.java : 79] Caching aspect applied for cache models with key com.zhangym.config.ResponseModel<java.util.Map<java.lang.String,java.lang.Object>>(true)
2020-04-15 11:05:42,653 [INFO] [main] s.documentation.schema.property.ModelPropertiesKeyGenerator [ModelPropertiesKeyGenerator.java : 48] Cache key generated: com.zhangym.config.ResponseModel<java.util.Map<java.lang.String,java.lang.Object>>(true)
2020-04-15 11:05:42,653 [INFO] [main] springfox.documentation.spring.web.caching.CachingAspect [CachingAspect.java : 68] Caching aspect applied for cache modelProperties with key com.zhangym.config.ResponseModel<java.util.Map<java.lang.String,java.lang.Object>>(true)
2020-04-15 11:05:42,658 [INFO] [main] springfox.documentation.schema.ModelContextKeyGenerator [ModelContextKeyGenerator.java : 46] Cache Key Generated: com.zhangym.config.ResponseModel<java.util.Map<java.lang.String,java.lang.Object>>(true)
2020-04-15 11:05:42,658 [INFO] [main] springfox.documentation.spring.web.caching.CachingAspect [CachingAspect.java : 79] Caching aspect applied for cache modelDependencies with key com.zhangym.config.ResponseModel<java.util.Map<java.lang.String,java.lang.Object>>(true)
2020-04-15 11:05:42,660 [INFO] [main] s.documentation.schema.property.ModelPropertiesKeyGenerator [ModelPropertiesKeyGenerator.java : 48] Cache key generated: com.zhangym.config.ResponseModel<java.util.Map<java.lang.String,java.lang.Object>>(true)
2020-04-15 11:05:42,660 [INFO] [main] springfox.documentation.spring.web.caching.CachingAspect [CachingAspect.java : 68] Caching aspect applied for cache modelProperties with key com.zhangym.config.ResponseModel<java.util.Map<java.lang.String,java.lang.Object>>(true)
2020-04-15 11:05:42,661 [INFO] [main] springfox.documentation.spring.web.OperationsKeyGenerator [OperationsKeyGenerator.java : 51] Cache key generated: /login.com.zhangym.controller.LoginController.login.DefaultGenericTypeNamingStrategy
2020-04-15 11:05:42,662 [INFO] [main] springfox.documentation.spring.web.caching.CachingAspect [CachingAspect.java : 68] Caching aspect applied for cache operations with key /login.com.zhangym.controller.LoginController.login.DefaultGenericTypeNamingStrategy
2020-04-15 11:05:42,691 [INFO] [main] s.d.swagger.web.ClassOrApiAnnotationResourceGrouping [ClassOrApiAnnotationResourceGrouping.java : 100] Group for method login was login-controller
2020-04-15 11:05:42,712 [INFO] [main] s.d.swagger.web.ClassOrApiAnnotationResourceGrouping [ClassOrApiAnnotationResourceGrouping.java : 100] Group for method login was login-controller
2020-04-15 11:05:42,720 [INFO] [main] springfox.documentation.schema.ModelContextKeyGenerator [ModelContextKeyGenerator.java : 46] Cache Key Generated: com.alibaba.fastjson.JSONObject(false)
2020-04-15 11:05:42,721 [INFO] [main] springfox.documentation.spring.web.caching.CachingAspect [CachingAspect.java : 79] Caching aspect applied for cache models with key com.alibaba.fastjson.JSONObject(false)
2020-04-15 11:05:42,721 [INFO] [main] springfox.documentation.schema.ModelContextKeyGenerator [ModelContextKeyGenerator.java : 46] Cache Key Generated: com.alibaba.fastjson.JSONObject(false)
2020-04-15 11:05:42,721 [INFO] [main] springfox.documentation.spring.web.caching.CachingAspect [CachingAspect.java : 79] Caching aspect applied for cache modelDependencies with key com.alibaba.fastjson.JSONObject(false)
2020-04-15 11:05:42,721 [INFO] [main] springfox.documentation.schema.ModelContextKeyGenerator [ModelContextKeyGenerator.java : 46] Cache Key Generated: com.zhangym.config.ResponseModel(true)
2020-04-15 11:05:42,721 [INFO] [main] springfox.documentation.spring.web.caching.CachingAspect [CachingAspect.java : 79] Caching aspect applied for cache models with key com.zhangym.config.ResponseModel(true)
2020-04-15 11:05:42,722 [INFO] [main] s.documentation.schema.property.ModelPropertiesKeyGenerator [ModelPropertiesKeyGenerator.java : 48] Cache key generated: com.zhangym.config.ResponseModel(true)
2020-04-15 11:05:42,722 [INFO] [main] springfox.documentation.spring.web.caching.CachingAspect [CachingAspect.java : 68] Caching aspect applied for cache modelProperties with key com.zhangym.config.ResponseModel(true)
2020-04-15 11:05:42,723 [INFO] [main] springfox.documentation.schema.ModelContextKeyGenerator [ModelContextKeyGenerator.java : 46] Cache Key Generated: com.zhangym.config.ResponseModel(true)
2020-04-15 11:05:42,723 [INFO] [main] springfox.documentation.spring.web.caching.CachingAspect [CachingAspect.java : 79] Caching aspect applied for cache modelDependencies with key com.zhangym.config.ResponseModel(true)
2020-04-15 11:05:42,724 [INFO] [main] s.documentation.schema.property.ModelPropertiesKeyGenerator [ModelPropertiesKeyGenerator.java : 48] Cache key generated: com.zhangym.config.ResponseModel(true)
2020-04-15 11:05:42,724 [INFO] [main] springfox.documentation.spring.web.caching.CachingAspect [CachingAspect.java : 68] Caching aspect applied for cache modelProperties with key com.zhangym.config.ResponseModel(true)
2020-04-15 11:05:42,724 [INFO] [main] springfox.documentation.spring.web.OperationsKeyGenerator [OperationsKeyGenerator.java : 51] Cache key generated: /admin/register.com.zhangym.controller.LoginController.register.DefaultGenericTypeNamingStrategy
2020-04-15 11:05:42,724 [INFO] [main] springfox.documentation.spring.web.caching.CachingAspect [CachingAspect.java : 68] Caching aspect applied for cache operations with key /admin/register.com.zhangym.controller.LoginController.register.DefaultGenericTypeNamingStrategy
2020-04-15 11:05:42,726 [INFO] [main] s.d.swagger.web.ClassOrApiAnnotationResourceGrouping [ClassOrApiAnnotationResourceGrouping.java : 100] Group for method register was login-controller
2020-04-15 11:05:42,728 [INFO] [main] s.d.swagger.web.ClassOrApiAnnotationResourceGrouping [ClassOrApiAnnotationResourceGrouping.java : 100] Group for method register was login-controller
2020-04-15 11:05:42,821 [INFO] [main] org.springframework.boot.web.embedded.tomcat.TomcatWebServer [TomcatWebServer.java : 206] Tomcat started on port(s): 8081 (http) with context path '/api/v1'
2020-04-15 11:05:42,825 [INFO] [main] com.zhangym.SpringbootApplication [StartupInfoLogger.java : 59] Started SpringbootApplication in 21.154 seconds (JVM running for 23.329)
2020-04-15 11:05:42,849 [INFO] [main] com.zhangym.config.MyCommandLineRunner [MyCommandLineRunner.java : 88] @Pass:[/api/v1/login:--:POST]
